2021-04-06 11:14:20.118487;1;type: INSERT entity { packet_replication_engine_entry { clone_session_entry { session_id: 99 replicas { egress_port: 255 instance: 1 } } } };
2021-04-06 11:14:20.120672;1;type: INSERT entity { table_entry { table_id: 33557865 match { field_id: 4 ternary { value: "\010\000" mask: "\377\377" } } action { action { action_id: 16782152 } } priority: 10 } };
2021-04-06 11:14:20.168933;1;type: DELETE entity { table_entry { table_id: 33557865 match { field_id: 4 ternary { value: "\010\000" mask: "\377\377" } } action { action { action_id: 16782152 } } priority: 10 } };
2021-04-06 11:14:20.168933;1;type: DELETE entity { packet_replication_engine_entry { clone_session_entry { session_id: 99 replicas { egress_port: 255 instance: 1 } } } };
2021-04-06 11:14:20.172610;1;type: INSERT entity { packet_replication_engine_entry { clone_session_entry { session_id: 99 replicas { egress_port: 255 instance: 1 } } } };
2021-04-06 11:14:20.175011;1;type: INSERT entity { table_entry { table_id: 33557865 match { field_id: 4 ternary { value: "\010\000" mask: "\377\377" } } action { action { action_id: 16782152 } } priority: 10 } };
2021-04-06 11:14:20.224411;1;type: DELETE entity { table_entry { table_id: 33557865 match { field_id: 4 ternary { value: "\010\000" mask: "\377\377" } } action { action { action_id: 16782152 } } priority: 10 } };
2021-04-06 11:14:20.224411;1;type: DELETE entity { packet_replication_engine_entry { clone_session_entry { session_id: 99 replicas { egress_port: 255 instance: 1 } } } };
2021-04-06 11:14:20.234038;1;type: INSERT entity { packet_replication_engine_entry { clone_session_entry { session_id: 99 replicas { egress_port: 255 instance: 1 } } } };
2021-04-06 11:14:20.236099;1;type: INSERT entity { table_entry { table_id: 33557865 match { field_id: 4 ternary { value: "\010\000" mask: "\377\377" } } action { action { action_id: 16782152 } } priority: 10 } };
2021-04-06 11:14:20.291408;1;type: DELETE entity { table_entry { table_id: 33557865 match { field_id: 4 ternary { value: "\010\000" mask: "\377\377" } } action { action { action_id: 16782152 } } priority: 10 } };
2021-04-06 11:14:20.291408;1;type: DELETE entity { packet_replication_engine_entry { clone_session_entry { session_id: 99 replicas { egress_port: 255 instance: 1 } } } };
2021-04-06 11:14:20.293863;1;type: INSERT entity { packet_replication_engine_entry { clone_session_entry { session_id: 99 replicas { egress_port: 255 instance: 1 } } } };
2021-04-06 11:14:20.294623;1;type: INSERT entity { table_entry { table_id: 33557865 match { field_id: 4 ternary { value: "\010\006" mask: "\377\377" } } action { action { action_id: 16782152 } } priority: 10 } };
2021-04-06 11:14:20.322603;1;type: DELETE entity { table_entry { table_id: 33557865 match { field_id: 4 ternary { value: "\010\006" mask: "\377\377" } } action { action { action_id: 16782152 } } priority: 10 } };
2021-04-06 11:14:20.322603;1;type: DELETE entity { packet_replication_engine_entry { clone_session_entry { session_id: 99 replicas { egress_port: 255 instance: 1 } } } };
2021-04-06 11:14:20.328045;1;type: INSERT entity { packet_replication_engine_entry { clone_session_entry { session_id: 99 replicas { egress_port: 255 instance: 1 } } } };
2021-04-06 11:14:20.330283;1;type: INSERT entity { table_entry { table_id: 33557865 match { field_id: 4 ternary { value: "\206\335" mask: "\377\377" } } action { action { action_id: 16782152 } } priority: 10 } };
2021-04-06 11:14:20.358101;1;type: DELETE entity { table_entry { table_id: 33557865 match { field_id: 4 ternary { value: "\206\335" mask: "\377\377" } } action { action { action_id: 16782152 } } priority: 10 } };
2021-04-06 11:14:20.358101;1;type: DELETE entity { packet_replication_engine_entry { clone_session_entry { session_id: 99 replicas { egress_port: 255 instance: 1 } } } };
2021-04-06 11:14:20.366128;1;type: INSERT entity { packet_replication_engine_entry { clone_session_entry { session_id: 99 replicas { egress_port: 255 instance: 1 } } } };
2021-04-06 11:14:20.367671;1;type: INSERT entity { table_entry { table_id: 33557865 match { field_id: 4 ternary { value: "\206\335" mask: "\377\377" } } action { action { action_id: 16782152 } } priority: 10 } };
2021-04-06 11:14:20.432652;1;type: DELETE entity { table_entry { table_id: 33557865 match { field_id: 4 ternary { value: "\206\335" mask: "\377\377" } } action { action { action_id: 16782152 } } priority: 10 } };
2021-04-06 11:14:20.432652;1;type: DELETE entity { packet_replication_engine_entry { clone_session_entry { session_id: 99 replicas { egress_port: 255 instance: 1 } } } };
2021-04-06 11:14:20.437444;1;type: INSERT entity { packet_replication_engine_entry { clone_session_entry { session_id: 99 replicas { egress_port: 255 instance: 1 } } } };
2021-04-06 11:14:20.438562;1;type: INSERT entity { table_entry { table_id: 33557865 match { field_id: 4 ternary { value: "\206\335" mask: "\377\377" } } action { action { action_id: 16782152 } } priority: 10 } };
2021-04-06 11:14:20.487610;1;type: DELETE entity { table_entry { table_id: 33557865 match { field_id: 4 ternary { value: "\206\335" mask: "\377\377" } } action { action { action_id: 16782152 } } priority: 10 } };
2021-04-06 11:14:20.487610;1;type: DELETE entity { packet_replication_engine_entry { clone_session_entry { session_id: 99 replicas { egress_port: 255 instance: 1 } } } };
2021-04-06 11:14:42.830170;1;type: INSERT entity { packet_replication_engine_entry { multicast_group_entry { multicast_group_id: 10 replicas { egress_port: 1 } replicas { egress_port: 2 } replicas { egress_port: 3 } } } };
2021-04-06 11:14:42.832482;1;type: INSERT entity { table_entry { table_id: 33573501 match { field_id: 1 ternary { value: "\377\377\377\377\377\377" mask: "\377\377\377\377\377\377" } } action { action { action_id: 16841371 params { param_id: 1 value: "\000\n" } } } priority: 10 } };
2021-04-06 11:14:42.834451;1;type: INSERT entity { table_entry { table_id: 33573501 match { field_id: 1 ternary { value: "33\000\000\000\000" mask: "\377\377\000\000\000\000" } } action { action { action_id: 16841371 params { param_id: 1 value: "\000\n" } } } priority: 10 } };
2021-04-06 11:14:42.835343;1;type: INSERT entity { packet_replication_engine_entry { clone_session_entry { session_id: 99 replicas { egress_port: 255 instance: 1 } } } };
2021-04-06 11:14:42.836206;1;type: INSERT entity { table_entry { table_id: 33557865 match { field_id: 4 ternary { value: "\010\006" mask: "\377\377" } } action { action { action_id: 16782152 } } priority: 10 } };
2021-04-06 11:14:42.837068;1;type: INSERT entity { table_entry { table_id: 33557865 match { field_id: 5 ternary { value: ":" mask: "\377" } } match { field_id: 4 ternary { value: "\206\335" mask: "\377\377" } } match { field_id: 6 ternary { value: "\207" mask: "\377" } } action { action { action_id: 16782152 } } priority: 10 } };
2021-04-06 11:14:43.011590;1;type: DELETE entity { table_entry { table_id: 33557865 match { field_id: 5 ternary { value: ":" mask: "\377" } } match { field_id: 4 ternary { value: "\206\335" mask: "\377\377" } } match { field_id: 6 ternary { value: "\207" mask: "\377" } } action { action { action_id: 16782152 } } priority: 10 } };
2021-04-06 11:14:43.011590;1;type: DELETE entity { table_entry { table_id: 33557865 match { field_id: 4 ternary { value: "\010\006" mask: "\377\377" } } action { action { action_id: 16782152 } } priority: 10 } };
2021-04-06 11:14:43.011590;1;type: DELETE entity { packet_replication_engine_entry { clone_session_entry { session_id: 99 replicas { egress_port: 255 instance: 1 } } } };
2021-04-06 11:14:43.011590;1;type: DELETE entity { table_entry { table_id: 33573501 match { field_id: 1 ternary { value: "33\000\000\000\000" mask: "\377\377\000\000\000\000" } } action { action { action_id: 16841371 params { param_id: 1 value: "\000\n" } } } priority: 10 } };
2021-04-06 11:14:43.011590;1;type: DELETE entity { table_entry { table_id: 33573501 match { field_id: 1 ternary { value: "\377\377\377\377\377\377" mask: "\377\377\377\377\377\377" } } action { action { action_id: 16841371 params { param_id: 1 value: "\000\n" } } } priority: 10 } };
2021-04-06 11:14:43.011590;1;type: DELETE entity { packet_replication_engine_entry { multicast_group_entry { multicast_group_id: 10 replicas { egress_port: 1 } replicas { egress_port: 2 } replicas { egress_port: 3 } } } };
2021-04-06 11:14:43.013979;1;type: INSERT entity { packet_replication_engine_entry { multicast_group_entry { multicast_group_id: 10 replicas { egress_port: 1 } replicas { egress_port: 2 } replicas { egress_port: 3 } } } };
2021-04-06 11:14:43.014682;1;type: INSERT entity { table_entry { table_id: 33573501 match { field_id: 1 ternary { value: "\377\377\377\377\377\377" mask: "\377\377\377\377\377\377" } } action { action { action_id: 16841371 params { param_id: 1 value: "\000\n" } } } priority: 10 } };
2021-04-06 11:14:43.015447;1;type: INSERT entity { table_entry { table_id: 33573501 match { field_id: 1 ternary { value: "33\000\000\000\000" mask: "\377\377\000\000\000\000" } } action { action { action_id: 16841371 params { param_id: 1 value: "\000\n" } } } priority: 10 } };
2021-04-06 11:14:43.015977;1;type: INSERT entity { packet_replication_engine_entry { clone_session_entry { session_id: 99 replicas { egress_port: 255 instance: 1 } } } };
2021-04-06 11:14:43.016780;1;type: INSERT entity { table_entry { table_id: 33557865 match { field_id: 4 ternary { value: "\010\006" mask: "\377\377" } } action { action { action_id: 16782152 } } priority: 10 } };
2021-04-06 11:14:43.017539;1;type: INSERT entity { table_entry { table_id: 33557865 match { field_id: 5 ternary { value: ":" mask: "\377" } } match { field_id: 4 ternary { value: "\206\335" mask: "\377\377" } } match { field_id: 6 ternary { value: "\207" mask: "\377" } } action { action { action_id: 16782152 } } priority: 10 } };
2021-04-06 11:14:43.179022;1;type: DELETE entity { table_entry { table_id: 33557865 match { field_id: 5 ternary { value: ":" mask: "\377" } } match { field_id: 4 ternary { value: "\206\335" mask: "\377\377" } } match { field_id: 6 ternary { value: "\207" mask: "\377" } } action { action { action_id: 16782152 } } priority: 10 } };
2021-04-06 11:14:43.179022;1;type: DELETE entity { table_entry { table_id: 33557865 match { field_id: 4 ternary { value: "\010\006" mask: "\377\377" } } action { action { action_id: 16782152 } } priority: 10 } };
2021-04-06 11:14:43.179022;1;type: DELETE entity { packet_replication_engine_entry { clone_session_entry { session_id: 99 replicas { egress_port: 255 instance: 1 } } } };
2021-04-06 11:14:43.179022;1;type: DELETE entity { table_entry { table_id: 33573501 match { field_id: 1 ternary { value: "33\000\000\000\000" mask: "\377\377\000\000\000\000" } } action { action { action_id: 16841371 params { param_id: 1 value: "\000\n" } } } priority: 10 } };
2021-04-06 11:14:43.179022;1;type: DELETE entity { table_entry { table_id: 33573501 match { field_id: 1 ternary { value: "\377\377\377\377\377\377" mask: "\377\377\377\377\377\377" } } action { action { action_id: 16841371 params { param_id: 1 value: "\000\n" } } } priority: 10 } };
2021-04-06 11:14:43.179022;1;type: DELETE entity { packet_replication_engine_entry { multicast_group_entry { multicast_group_id: 10 replicas { egress_port: 1 } replicas { egress_port: 2 } replicas { egress_port: 3 } } } };
2021-04-06 11:14:43.220961;1;type: INSERT entity { table_entry { table_id: 33605373 match { field_id: 1 exact { value: "\000\000\000\000\000\002" } } action { action { action_id: 16812802 params { param_id: 1 value: "\000\002" } } } } };
2021-04-06 11:14:43.223457;1;type: INSERT entity { packet_replication_engine_entry { clone_session_entry { session_id: 99 replicas { egress_port: 255 instance: 1 } } } };
2021-04-06 11:14:43.224788;1;type: INSERT entity { table_entry { table_id: 33557865 match { field_id: 4 ternary { value: "\010\006" mask: "\377\377" } } action { action { action_id: 16782152 } } priority: 10 } };
2021-04-06 11:14:43.225668;1;type: INSERT entity { table_entry { table_id: 33557865 match { field_id: 5 ternary { value: ":" mask: "\377" } } match { field_id: 4 ternary { value: "\206\335" mask: "\377\377" } } match { field_id: 6 ternary { value: "\210" mask: "\377" } } action { action { action_id: 16782152 } } priority: 10 } };
2021-04-06 11:14:43.240612;1;type: DELETE entity { table_entry { table_id: 33557865 match { field_id: 5 ternary { value: ":" mask: "\377" } } match { field_id: 4 ternary { value: "\206\335" mask: "\377\377" } } match { field_id: 6 ternary { value: "\210" mask: "\377" } } action { action { action_id: 16782152 } } priority: 10 } };
2021-04-06 11:14:43.240612;1;type: DELETE entity { table_entry { table_id: 33557865 match { field_id: 4 ternary { value: "\010\006" mask: "\377\377" } } action { action { action_id: 16782152 } } priority: 10 } };
2021-04-06 11:14:43.240612;1;type: DELETE entity { packet_replication_engine_entry { clone_session_entry { session_id: 99 replicas { egress_port: 255 instance: 1 } } } };
2021-04-06 11:14:43.240612;1;type: DELETE entity { table_entry { table_id: 33605373 match { field_id: 1 exact { value: "\000\000\000\000\000\002" } } action { action { action_id: 16812802 params { param_id: 1 value: "\000\002" } } } } };
2021-04-06 11:14:43.244721;1;type: INSERT entity { table_entry { table_id: 33605373 match { field_id: 1 exact { value: "33\000\000\000\001" } } action { action { action_id: 16812802 params { param_id: 1 value: "\000\002" } } } } };
2021-04-06 11:14:43.245997;1;type: INSERT entity { packet_replication_engine_entry { clone_session_entry { session_id: 99 replicas { egress_port: 255 instance: 1 } } } };
2021-04-06 11:14:43.247144;1;type: INSERT entity { table_entry { table_id: 33557865 match { field_id: 4 ternary { value: "\010\006" mask: "\377\377" } } action { action { action_id: 16782152 } } priority: 10 } };
2021-04-06 11:14:43.248364;1;type: INSERT entity { table_entry { table_id: 33557865 match { field_id: 5 ternary { value: ":" mask: "\377" } } match { field_id: 4 ternary { value: "\206\335" mask: "\377\377" } } match { field_id: 6 ternary { value: "\210" mask: "\377" } } action { action { action_id: 16782152 } } priority: 10 } };
2021-04-06 11:14:43.277412;1;type: DELETE entity { table_entry { table_id: 33557865 match { field_id: 5 ternary { value: ":" mask: "\377" } } match { field_id: 4 ternary { value: "\206\335" mask: "\377\377" } } match { field_id: 6 ternary { value: "\210" mask: "\377" } } action { action { action_id: 16782152 } } priority: 10 } };
2021-04-06 11:14:43.277412;1;type: DELETE entity { table_entry { table_id: 33557865 match { field_id: 4 ternary { value: "\010\006" mask: "\377\377" } } action { action { action_id: 16782152 } } priority: 10 } };
2021-04-06 11:14:43.277412;1;type: DELETE entity { packet_replication_engine_entry { clone_session_entry { session_id: 99 replicas { egress_port: 255 instance: 1 } } } };
2021-04-06 11:14:43.277412;1;type: DELETE entity { table_entry { table_id: 33605373 match { field_id: 1 exact { value: "33\000\000\000\001" } } action { action { action_id: 16812802 params { param_id: 1 value: "\000\002" } } } } };
2021-04-06 11:14:43.307326;1;type: INSERT entity { table_entry { table_id: 33605373 match { field_id: 1 exact { value: "\000\001\002\003\004\005" } } action { action { action_id: 16812802 params { param_id: 1 value: "\000\002" } } } } };
2021-04-06 11:14:43.310176;1;type: INSERT entity { table_entry { table_id: 33605373 match { field_id: 1 exact { value: "\000\006\007\010\t\n" } } action { action { action_id: 16812802 params { param_id: 1 value: "\000\001" } } } } };
2021-04-06 11:14:43.417819;1;type: DELETE entity { table_entry { table_id: 33605373 match { field_id: 1 exact { value: "\000\006\007\010\t\n" } } action { action { action_id: 16812802 params { param_id: 1 value: "\000\001" } } } } };
2021-04-06 11:14:43.417819;1;type: DELETE entity { table_entry { table_id: 33605373 match { field_id: 1 exact { value: "\000\001\002\003\004\005" } } action { action { action_id: 16812802 params { param_id: 1 value: "\000\002" } } } } };
2021-04-06 11:14:43.422877;1;type: INSERT entity { table_entry { table_id: 33605373 match { field_id: 1 exact { value: "\000\001\002\003\004\005" } } action { action { action_id: 16812802 params { param_id: 1 value: "\000\002" } } } } };
2021-04-06 11:14:43.424483;1;type: INSERT entity { table_entry { table_id: 33605373 match { field_id: 1 exact { value: "\000\006\007\010\t\n" } } action { action { action_id: 16812802 params { param_id: 1 value: "\000\001" } } } } };
2021-04-06 11:14:43.532964;1;type: DELETE entity { table_entry { table_id: 33605373 match { field_id: 1 exact { value: "\000\006\007\010\t\n" } } action { action { action_id: 16812802 params { param_id: 1 value: "\000\001" } } } } };
2021-04-06 11:14:43.532964;1;type: DELETE entity { table_entry { table_id: 33605373 match { field_id: 1 exact { value: "\000\001\002\003\004\005" } } action { action { action_id: 16812802 params { param_id: 1 value: "\000\002" } } } } };
2021-04-06 11:14:43.536707;1;type: INSERT entity { table_entry { table_id: 33605373 match { field_id: 1 exact { value: "\000\001\002\003\004\005" } } action { action { action_id: 16812802 params { param_id: 1 value: "\000\002" } } } } };
2021-04-06 11:14:43.539127;1;type: INSERT entity { table_entry { table_id: 33605373 match { field_id: 1 exact { value: "\000\006\007\010\t\n" } } action { action { action_id: 16812802 params { param_id: 1 value: "\000\001" } } } } };
2021-04-06 11:14:43.647441;1;type: DELETE entity { table_entry { table_id: 33605373 match { field_id: 1 exact { value: "\000\006\007\010\t\n" } } action { action { action_id: 16812802 params { param_id: 1 value: "\000\001" } } } } };
2021-04-06 11:14:43.647441;1;type: DELETE entity { table_entry { table_id: 33605373 match { field_id: 1 exact { value: "\000\001\002\003\004\005" } } action { action { action_id: 16812802 params { param_id: 1 value: "\000\002" } } } } };
2021-04-06 11:14:43.650757;1;type: INSERT entity { table_entry { table_id: 33605373 match { field_id: 1 exact { value: "\000\001\002\003\004\005" } } action { action { action_id: 16812802 params { param_id: 1 value: "\000\002" } } } } };
2021-04-06 11:14:43.652117;1;type: INSERT entity { table_entry { table_id: 33605373 match { field_id: 1 exact { value: "\000\006\007\010\t\n" } } action { action { action_id: 16812802 params { param_id: 1 value: "\000\001" } } } } };
2021-04-06 11:14:43.765636;1;type: DELETE entity { table_entry { table_id: 33605373 match { field_id: 1 exact { value: "\000\006\007\010\t\n" } } action { action { action_id: 16812802 params { param_id: 1 value: "\000\001" } } } } };
2021-04-06 11:14:43.765636;1;type: DELETE entity { table_entry { table_id: 33605373 match { field_id: 1 exact { value: "\000\001\002\003\004\005" } } action { action { action_id: 16812802 params { param_id: 1 value: "\000\002" } } } } };
2021-04-06 11:14:43.768868;1;type: INSERT entity { table_entry { table_id: 33605373 match { field_id: 1 exact { value: "\000\001\002\003\004\005" } } action { action { action_id: 16812802 params { param_id: 1 value: "\000\002" } } } } };
2021-04-06 11:14:43.770870;1;type: INSERT entity { table_entry { table_id: 33605373 match { field_id: 1 exact { value: "\000\006\007\010\t\n" } } action { action { action_id: 16812802 params { param_id: 1 value: "\000\001" } } } } };
2021-04-06 11:14:43.889424;1;type: DELETE entity { table_entry { table_id: 33605373 match { field_id: 1 exact { value: "\000\006\007\010\t\n" } } action { action { action_id: 16812802 params { param_id: 1 value: "\000\001" } } } } };
2021-04-06 11:14:43.889424;1;type: DELETE entity { table_entry { table_id: 33605373 match { field_id: 1 exact { value: "\000\001\002\003\004\005" } } action { action { action_id: 16812802 params { param_id: 1 value: "\000\002" } } } } };
2021-04-06 11:14:43.891880;1;type: INSERT entity { table_entry { table_id: 33605373 match { field_id: 1 exact { value: "\000\001\002\003\004\005" } } action { action { action_id: 16812802 params { param_id: 1 value: "\000\002" } } } } };
2021-04-06 11:14:43.892828;1;type: INSERT entity { table_entry { table_id: 33605373 match { field_id: 1 exact { value: "\000\006\007\010\t\n" } } action { action { action_id: 16812802 params { param_id: 1 value: "\000\001" } } } } };
2021-04-06 11:14:43.999251;1;type: DELETE entity { table_entry { table_id: 33605373 match { field_id: 1 exact { value: "\000\006\007\010\t\n" } } action { action { action_id: 16812802 params { param_id: 1 value: "\000\001" } } } } };
2021-04-06 11:14:43.999251;1;type: DELETE entity { table_entry { table_id: 33605373 match { field_id: 1 exact { value: "\000\001\002\003\004\005" } } action { action { action_id: 16812802 params { param_id: 1 value: "\000\002" } } } } };
